android-app/app/build/intermediates/manifest_merge_blame_file/debug/processDebugMainManifest/manifest-merger-blame-debug-report.txt
1<?xml version="1.0" encoding="utf-8"?>
2<manifest xmlns:android="http://schemas.android.com/apk/res/android"
3    package="com.example.mobiledatamonitor"
4    android:versionCode="1"
5    android:versionName="1.0.0" >
6
7    <uses-sdk
8        android:minSdkVersion="26"
9        android:targetSdkVersion="34" />
10
11    <uses-permission android:name="android.permission.INTERNET" />
11-->src\main\AndroidManifest.xml:5:5-67
11-->src\main\AndroidManifest.xml:5:22-64
12    <uses-permission android:name="android.permission.READ_PHONE_STATE" />
12-->src\main\AndroidManifest.xml:6:5-75
12-->src\main\AndroidManifest.xml:6:22-72
13    <uses-permission android:name="android.permission.READ_PRIVILEGED_PHONE_STATE" />
13-->src\main\AndroidManifest.xml:7:5-122
13-->src\main\AndroidManifest.xml:7:22-83
14    <uses-permission android:name="android.permission.PACKAGE_USAGE_STATS" />
14-->src\main\AndroidManifest.xml:8:5-10:47
14-->src\main\AndroidManifest.xml:9:9-62
15    <uses-permission android:name="android.permission.POST_NOTIFICATIONS" />
15-->src\main\AndroidManifest.xml:11:5-77
15-->src\main\AndroidManifest.xml:11:22-74
16    <uses-permission android:name="android.permission.RECEIVE_BOOT_COMPLETED" />
16-->src\main\AndroidManifest.xml:12:5-81
16-->src\main\AndroidManifest.xml:12:22-78
17    <uses-permission android:name="android.permission.QUERY_ALL_PACKAGES" />
17-->src\main\AndroidManifest.xml:13:5-15:53
17-->src\main\AndroidManifest.xml:14:9-61
18    <uses-permission android:name="android.permission.WAKE_LOCK" />
18-->src\main\AndroidManifest.xml:16:5-68
18-->src\main\AndroidManifest.xml:16:22-65
19    <uses-permission android:name="android.permission.REQUEST_IGNORE_BATTERY_OPTIMIZATIONS" />
19-->src\main\AndroidManifest.xml:17:5-95
19-->src\main\AndroidManifest.xml:17:22-92
20    <uses-permission android:name="android.permission.FOREGROUND_SERVICE_DATA_SYNC" />
20-->src\main\AndroidManifest.xml:18:5-87
20-->src\main\AndroidManifest.xml:18:22-84
21    <uses-permission android:name="android.permission.ACCESS_NETWORK_STATE" />
21-->[androidx.work:work-runtime:2.9.0] AndroidManifest.xml:24:5-79
21-->[androidx.work:work-runtime:2.9.0] AndroidManifest.xml:24:22-76
22    <uses-permission android:name="android.permission.FOREGROUND_SERVICE" />
22-->[androidx.work:work-runtime:2.9.0] AndroidManifest.xml:26:5-77
22-->[androidx.work:work-runtime:2.9.0] AndroidManifest.xml:26:22-74
23
24    <permission
24-->[androidx.core:core:1.12.0] AndroidManifest.xml:22:5-24:47
25        android:name="com.example.mobiledatamonitor.DYNAMIC_RECEIVER_NOT_EXPORTED_PERMISSION"
25-->[androidx.core:core:1.12.0] AndroidManifest.xml:23:9-81
26        android:protectionLevel="signature" />
26-->[androidx.core:core:1.12.0] AndroidManifest.xml:24:9-44
27
28    <uses-permission android:name="com.example.mobiledatamonitor.DYNAMIC_RECEIVER_NOT_EXPORTED_PERMISSION" />
28-->[androidx.core:core:1.12.0] AndroidManifest.xml:26:5-97
28-->[androidx.core:core:1.12.0] AndroidManifest.xml:26:22-94
29
30    <application
30-->src\main\AndroidManifest.xml:20:5-70:19
31        android:allowBackup="true"
31-->src\main\AndroidManifest.xml:21:9-35
32        android:appComponentFactory="androidx.core.app.CoreComponentFactory"
32-->[androidx.core:core:1.12.0] AndroidManifest.xml:28:18-86
33        android:dataExtractionRules="@xml/data_extraction_rules"
33-->src\main\AndroidManifest.xml:22:9-65
34        android:debuggable="true"
35        android:extractNativeLibs="false"
36        android:fullBackupContent="@xml/backup_rules"
36-->src\main\AndroidManifest.xml:23:9-54
37        android:icon="@mipmap/ic_launcher"
37-->src\main\AndroidManifest.xml:24:9-43
38        android:label="@string/app_name"
38-->src\main\AndroidManifest.xml:25:9-41
39        android:roundIcon="@mipmap/ic_launcher_round"
39-->src\main\AndroidManifest.xml:26:9-54
40        android:supportsRtl="true"
40-->src\main\AndroidManifest.xml:27:9-35
41        android:testOnly="true"
42        android:theme="@style/Theme.MobileDataMonitor"
42-->src\main\AndroidManifest.xml:29:9-55
43        android:usesCleartextTraffic="true" >
43-->src\main\AndroidManifest.xml:28:9-44
44        <activity
44-->src\main\AndroidManifest.xml:30:9-33:62
45            android:name="com.example.mobiledatamonitor.MainActivity"
45-->src\main\AndroidManifest.xml:31:13-41
46            android:exported="true"
46-->src\main\AndroidManifest.xml:32:13-36
47            android:theme="@style/Theme.MobileDataMonitor" />
47-->src\main\AndroidManifest.xml:33:13-59
48        <activity
48-->src\main\AndroidManifest.xml:34:9-42:20
49            android:name="com.example.mobiledatamonitor.PasswordActivity"
49-->src\main\AndroidManifest.xml:35:13-45
50            android:exported="true"
50-->src\main\AndroidManifest.xml:36:13-36
51            android:theme="@style/Theme.MobileDataMonitor" >
51-->src\main\AndroidManifest.xml:37:13-59
52            <intent-filter>
52-->src\main\AndroidManifest.xml:38:13-41:29
53                <action android:name="android.intent.action.MAIN" />
53-->src\main\AndroidManifest.xml:39:17-69
53-->src\main\AndroidManifest.xml:39:25-66
54
55                <category android:name="android.intent.category.LAUNCHER" />
55-->src\main\AndroidManifest.xml:40:17-77
55-->src\main\AndroidManifest.xml:40:27-74
56            </intent-filter>
57        </activity>
58        <activity
58-->src\main\AndroidManifest.xml:43:9-46:62
59            android:name="com.example.mobiledatamonitor.EditAppLimitActivity"
59-->src\main\AndroidManifest.xml:44:13-49
60            android:exported="false"
60-->src\main\AndroidManifest.xml:45:13-37
61            android:theme="@style/Theme.MobileDataMonitor" />
61-->src\main\AndroidManifest.xml:46:13-59
62        <activity
62-->src\main\AndroidManifest.xml:47:9-50:62
63            android:name="com.example.mobiledatamonitor.EmployeeSetupActivity"
63-->src\main\AndroidManifest.xml:48:13-50
64            android:exported="false"
64-->src\main\AndroidManifest.xml:49:13-37
65            android:theme="@style/Theme.MobileDataMonitor" />
65-->src\main\AndroidManifest.xml:50:13-59
66        <activity
66-->src\main\AndroidManifest.xml:51:9-54:62
67            android:name="com.example.mobiledatamonitor.debug.BackendTestActivity"
67-->src\main\AndroidManifest.xml:52:13-54
68            android:exported="false"
68-->src\main\AndroidManifest.xml:53:13-37
69            android:theme="@style/Theme.MobileDataMonitor" />
69-->src\main\AndroidManifest.xml:54:13-59
70
71        <service
71-->src\main\AndroidManifest.xml:55:9-57:56
72            android:name="com.example.mobiledatamonitor.AppMonitoringService"
72-->src\main\AndroidManifest.xml:56:13-49
73            android:foregroundServiceType="dataSync" />
73-->src\main\AndroidManifest.xml:57:13-53
74
75        <receiver
75-->src\main\AndroidManifest.xml:59:9-69:20
76            android:name="com.example.mobiledatamonitor.BootReceiver"
76-->src\main\AndroidManifest.xml:60:13-41
77            android:enabled="true"
77-->src\main\AndroidManifest.xml:61:13-35
78            android:exported="true" >
78-->src\main\AndroidManifest.xml:62:13-36
79            <intent-filter android:priority="1000" >
79-->src\main\AndroidManifest.xml:63:13-68:29
79-->src\main\AndroidManifest.xml:63:28-51
80                <action android:name="android.intent.action.BOOT_COMPLETED" />
80-->src\main\AndroidManifest.xml:64:17-79
80-->src\main\AndroidManifest.xml:64:25-76
81                <action android:name="android.intent.action.MY_PACKAGE_REPLACED" />
81-->src\main\AndroidManifest.xml:65:17-84
81-->src\main\AndroidManifest.xml:65:25-81
82                <action android:name="android.intent.action.PACKAGE_REPLACED" />
82-->src\main\AndroidManifest.xml:66:17-81
82-->src\main\AndroidManifest.xml:66:25-78
83
84                <data android:scheme="package" />
84-->src\main\AndroidManifest.xml:67:17-50
84-->src\main\AndroidManifest.xml:67:23-47
85            </intent-filter>
86        </receiver>
87
88        <activity
88-->[androidx.compose.ui:ui-test-manifest:1.6.6] AndroidManifest.xml:23:9-25:39
89            android:name="androidx.activity.ComponentActivity"
89-->[androidx.compose.ui:ui-test-manifest:1.6.6] AndroidManifest.xml:24:13-63
90            android:exported="true" />
90-->[androidx.compose.ui:ui-test-manifest:1.6.6] AndroidManifest.xml:25:13-36
91        <activity
91-->[androidx.compose.ui:ui-tooling-android:1.6.6] AndroidManifest.xml:23:9-25:39
92            android:name="androidx.compose.ui.tooling.PreviewActivity"
92-->[androidx.compose.ui:ui-tooling-android:1.6.6] AndroidManifest.xml:24:13-71
93            android:exported="true" />
93-->[androidx.compose.ui:ui-tooling-android:1.6.6] AndroidManifest.xml:25:13-36
94
95        <provider
95-->[androidx.work:work-runtime:2.9.0] AndroidManifest.xml:29:9-37:20
96            android:name="androidx.startup.InitializationProvider"
96-->[androidx.work:work-runtime:2.9.0] AndroidManifest.xml:30:13-67
97            android:authorities="com.example.mobiledatamonitor.androidx-startup"
97-->[androidx.work:work-runtime:2.9.0] AndroidManifest.xml:31:13-68
98            android:exported="false" >
98-->[androidx.work:work-runtime:2.9.0] AndroidManifest.xml:32:13-37
99            <meta-data
99-->[androidx.work:work-runtime:2.9.0] AndroidManifest.xml:34:13-36:52
100                android:name="androidx.work.WorkManagerInitializer"
100-->[androidx.work:work-runtime:2.9.0] AndroidManifest.xml:35:17-68
101                android:value="androidx.startup" />
101-->[androidx.work:work-runtime:2.9.0] AndroidManifest.xml:36:17-49
102            <meta-data
102-->[androidx.emoji2:emoji2:1.3.0] AndroidManifest.xml:29:13-31:52
103                android:name="androidx.emoji2.text.EmojiCompatInitializer"
103-->[androidx.emoji2:emoji2:1.3.0] AndroidManifest.xml:30:17-75
104                android:value="androidx.startup" />
104-->[androidx.emoji2:emoji2:1.3.0] AndroidManifest.xml:31:17-49
105            <meta-data
105-->[androidx.lifecycle:lifecycle-process:2.7.0] AndroidManifest.xml:29:13-31:52
106                android:name="androidx.lifecycle.ProcessLifecycleInitializer"
106-->[androidx.lifecycle:lifecycle-process:2.7.0] AndroidManifest.xml:30:17-78
107                android:value="androidx.startup" />
107-->[androidx.lifecycle:lifecycle-process:2.7.0] AndroidManifest.xml:31:17-49
108            <meta-data
108-->[androidx.profileinstaller:profileinstaller:1.3.0] AndroidManifest.xml:29:13-31:52
109                android:name="androidx.profileinstaller.ProfileInstallerInitializer"
109-->[androidx.profileinstaller:profileinstaller:1.3.0] AndroidManifest.xml:30:17-85
110                android:value="androidx.startup" />
110-->[androidx.profileinstaller:profileinstaller:1.3.0] AndroidManifest.xml:31:17-49
111        </provider>
112
113        <service
113-->[androidx.work:work-runtime:2.9.0] AndroidManifest.xml:39:9-45:35
114            android:name="androidx.work.impl.background.systemalarm.SystemAlarmService"
114-->[androidx.work:work-runtime:2.9.0] AndroidManifest.xml:40:13-88
115            android:directBootAware="false"
115-->[androidx.work:work-runtime:2.9.0] AndroidManifest.xml:41:13-44
116            android:enabled="@bool/enable_system_alarm_service_default"
116-->[androidx.work:work-runtime:2.9.0] AndroidManifest.xml:42:13-72
117            android:exported="false" />
117-->[androidx.work:work-runtime:2.9.0] AndroidManifest.xml:43:13-37
118        <service
118-->[androidx.work:work-runtime:2.9.0] AndroidManifest.xml:46:9-52:35
119            android:name="androidx.work.impl.background.systemjob.SystemJobService"
119-->[androidx.work:work-runtime:2.9.0] AndroidManifest.xml:47:13-84
120            android:directBootAware="false"
120-->[androidx.work:work-runtime:2.9.0] AndroidManifest.xml:48:13-44
121            android:enabled="@bool/enable_system_job_service_default"
121-->[androidx.work:work-runtime:2.9.0] AndroidManifest.xml:49:13-70
122            android:exported="true"
122-->[androidx.work:work-runtime:2.9.0] AndroidManifest.xml:50:13-36
123            android:permission="android.permission.BIND_JOB_SERVICE" />
123-->[androidx.work:work-runtime:2.9.0] AndroidManifest.xml:51:13-69
124        <service
124-->[androidx.work:work-runtime:2.9.0] AndroidManifest.xml:53:9-59:35
125            android:name="androidx.work.impl.foreground.SystemForegroundService"
125-->[androidx.work:work-runtime:2.9.0] AndroidManifest.xml:54:13-81
126            android:directBootAware="false"
126-->[androidx.work:work-runtime:2.9.0] AndroidManifest.xml:55:13-44
127            android:enabled="@bool/enable_system_foreground_service_default"
127-->[androidx.work:work-runtime:2.9.0] AndroidManifest.xml:56:13-77
128            android:exported="false" />
128-->[androidx.work:work-runtime:2.9.0] AndroidManifest.xml:57:13-37
129
130        <receiver
130-->[androidx.work:work-runtime:2.9.0] AndroidManifest.xml:61:9-66:35
131            android:name="androidx.work.impl.utils.ForceStopRunnable$BroadcastReceiver"
131-->[androidx.work:work-runtime:2.9.0] AndroidManifest.xml:62:13-88
132            android:directBootAware="false"
132-->[androidx.work:work-runtime:2.9.0] AndroidManifest.xml:63:13-44
133            android:enabled="true"
133-->[androidx.work:work-runtime:2.9.0] AndroidManifest.xml:64:13-35
134            android:exported="false" />
134-->[androidx.work:work-runtime:2.9.0] AndroidManifest.xml:65:13-37
135        <receiver
135-->[androidx.work:work-runtime:2.9.0] AndroidManifest.xml:67:9-77:20
136            android:name="androidx.work.impl.background.systemalarm.ConstraintProxy$BatteryChargingProxy"
136-->[androidx.work:work-runtime:2.9.0] AndroidManifest.xml:68:13-106
137            android:directBootAware="false"
137-->[androidx.work:work-runtime:2.9.0] AndroidManifest.xml:69:13-44
138            android:enabled="false"
138-->[androidx.work:work-runtime:2.9.0] AndroidManifest.xml:70:13-36
139            android:exported="false" >
139-->[androidx.work:work-runtime:2.9.0] AndroidManifest.xml:71:13-37
140            <intent-filter>
140-->[androidx.work:work-runtime:2.9.0] AndroidManifest.xml:73:13-76:29
141                <action android:name="android.intent.action.ACTION_POWER_CONNECTED" />
141-->[androidx.work:work-runtime:2.9.0] AndroidManifest.xml:74:17-87
141-->[androidx.work:work-runtime:2.9.0] AndroidManifest.xml:74:25-84
142                <action android:name="android.intent.action.ACTION_POWER_DISCONNECTED" />
142-->[androidx.work:work-runtime:2.9.0] AndroidManifest.xml:75:17-90
142-->[androidx.work:work-runtime:2.9.0] AndroidManifest.xml:75:25-87
143            </intent-filter>
144        </receiver>
145        <receiver
145-->[androidx.work:work-runtime:2.9.0] AndroidManifest.xml:78:9-88:20
146            android:name="androidx.work.impl.background.systemalarm.ConstraintProxy$BatteryNotLowProxy"
146-->[androidx.work:work-runtime:2.9.0] AndroidManifest.xml:79:13-104
147            android:directBootAware="false"
147-->[androidx.work:work-runtime:2.9.0] AndroidManifest.xml:80:13-44
148            android:enabled="false"
148-->[androidx.work:work-runtime:2.9.0] AndroidManifest.xml:81:13-36
149            android:exported="false" >
149-->[androidx.work:work-runtime:2.9.0] AndroidManifest.xml:82:13-37
150            <intent-filter>
150-->[androidx.work:work-runtime:2.9.0] AndroidManifest.xml:84:13-87:29
151                <action android:name="android.intent.action.BATTERY_OKAY" />
151-->[androidx.work:work-runtime:2.9.0] AndroidManifest.xml:85:17-77
151-->[androidx.work:work-runtime:2.9.0] AndroidManifest.xml:85:25-74
152                <action android:name="android.intent.action.BATTERY_LOW" />
152-->[androidx.work:work-runtime:2.9.0] AndroidManifest.xml:86:17-76
152-->[androidx.work:work-runtime:2.9.0] AndroidManifest.xml:86:25-73
153            </intent-filter>
154        </receiver>
155        <receiver
155-->[androidx.work:work-runtime:2.9.0] AndroidManifest.xml:89:9-99:20
156            android:name="androidx.work.impl.background.systemalarm.ConstraintProxy$StorageNotLowProxy"
156-->[androidx.work:work-runtime:2.9.0] AndroidManifest.xml:90:13-104
157            android:directBootAware="false"
157-->[androidx.work:work-runtime:2.9.0] AndroidManifest.xml:91:13-44
158            android:enabled="false"
158-->[androidx.work:work-runtime:2.9.0] AndroidManifest.xml:92:13-36
159            android:exported="false" >
159-->[androidx.work:work-runtime:2.9.0] AndroidManifest.xml:93:13-37
160            <intent-filter>
160-->[androidx.work:work-runtime:2.9.0] AndroidManifest.xml:95:13-98:29
161                <action android:name="android.intent.action.DEVICE_STORAGE_LOW" />
161-->[androidx.work:work-runtime:2.9.0] AndroidManifest.xml:96:17-83
161-->[androidx.work:work-runtime:2.9.0] AndroidManifest.xml:96:25-80
162                <action android:name="android.intent.action.DEVICE_STORAGE_OK" />
162-->[androidx.work:work-runtime:2.9.0] AndroidManifest.xml:97:17-82
162-->[androidx.work:work-runtime:2.9.0] AndroidManifest.xml:97:25-79
163            </intent-filter>
164        </receiver>
165        <receiver
165-->[androidx.work:work-runtime:2.9.0] AndroidManifest.xml:100:9-109:20
166            android:name="androidx.work.impl.background.systemalarm.ConstraintProxy$NetworkStateProxy"
166-->[androidx.work:work-runtime:2.9.0] AndroidManifest.xml:101:13-103
167            android:directBootAware="false"
167-->[androidx.work:work-runtime:2.9.0] AndroidManifest.xml:102:13-44
168            android:enabled="false"
168-->[androidx.work:work-runtime:2.9.0] AndroidManifest.xml:103:13-36
169            android:exported="false" >
169-->[androidx.work:work-runtime:2.9.0] AndroidManifest.xml:104:13-37
170            <intent-filter>
170-->[androidx.work:work-runtime:2.9.0] AndroidManifest.xml:106:13-108:29
171                <action android:name="android.net.conn.CONNECTIVITY_CHANGE" />
171-->[androidx.work:work-runtime:2.9.0] AndroidManifest.xml:107:17-79
171-->[androidx.work:work-runtime:2.9.0] AndroidManifest.xml:107:25-76
172            </intent-filter>
173        </receiver>
174        <receiver
174-->[androidx.work:work-runtime:2.9.0] AndroidManifest.xml:110:9-121:20
175            android:name="androidx.work.impl.background.systemalarm.RescheduleReceiver"
175-->[androidx.work:work-runtime:2.9.0] AndroidManifest.xml:111:13-88
176            android:directBootAware="false"
176-->[androidx.work:work-runtime:2.9.0] AndroidManifest.xml:112:13-44
177            android:enabled="false"
177-->[androidx.work:work-runtime:2.9.0] AndroidManifest.xml:113:13-36
178            android:exported="false" >
178-->[androidx.work:work-runtime:2.9.0] AndroidManifest.xml:114:13-37
179            <intent-filter>
179-->[androidx.work:work-runtime:2.9.0] AndroidManifest.xml:116:13-120:29
180                <action android:name="android.intent.action.BOOT_COMPLETED" />
180-->src\main\AndroidManifest.xml:64:17-79
180-->src\main\AndroidManifest.xml:64:25-76
181                <action android:name="android.intent.action.TIME_SET" />
181-->[androidx.work:work-runtime:2.9.0] AndroidManifest.xml:118:17-73
181-->[androidx.work:work-runtime:2.9.0] AndroidManifest.xml:118:25-70
182                <action android:name="android.intent.action.TIMEZONE_CHANGED" />
182-->[androidx.work:work-runtime:2.9.0] AndroidManifest.xml:119:17-81
182-->[androidx.work:work-runtime:2.9.0] AndroidManifest.xml:119:25-78
183            </intent-filter>
184        </receiver>
185        <receiver
185-->[androidx.work:work-runtime:2.9.0] AndroidManifest.xml:122:9-131:20
186            android:name="androidx.work.impl.background.systemalarm.ConstraintProxyUpdateReceiver"
186-->[androidx.work:work-runtime:2.9.0] AndroidManifest.xml:123:13-99
187            android:directBootAware="false"
187-->[androidx.work:work-runtime:2.9.0] AndroidManifest.xml:124:13-44
188            android:enabled="@bool/enable_system_alarm_service_default"
188-->[androidx.work:work-runtime:2.9.0] AndroidManifest.xml:125:13-72
189            android:exported="false" >
189-->[androidx.work:work-runtime:2.9.0] AndroidManifest.xml:126:13-37
190            <intent-filter>
190-->[androidx.work:work-runtime:2.9.0] AndroidManifest.xml:128:13-130:29
191                <action android:name="androidx.work.impl.background.systemalarm.UpdateProxies" />
191-->[androidx.work:work-runtime:2.9.0] AndroidManifest.xml:129:17-98
191-->[androidx.work:work-runtime:2.9.0] AndroidManifest.xml:129:25-95
192            </intent-filter>
193        </receiver>
194        <receiver
194-->[androidx.work:work-runtime:2.9.0] AndroidManifest.xml:132:9-142:20
195            android:name="androidx.work.impl.diagnostics.DiagnosticsReceiver"
195-->[androidx.work:work-runtime:2.9.0] AndroidManifest.xml:133:13-78
196            android:directBootAware="false"
196-->[androidx.work:work-runtime:2.9.0] AndroidManifest.xml:134:13-44
197            android:enabled="true"
197-->[androidx.work:work-runtime:2.9.0] AndroidManifest.xml:135:13-35
198            android:exported="true"
198-->[androidx.work:work-runtime:2.9.0] AndroidManifest.xml:136:13-36
199            android:permission="android.permission.DUMP" >
199-->[androidx.work:work-runtime:2.9.0] AndroidManifest.xml:137:13-57
200            <intent-filter>
200-->[androidx.work:work-runtime:2.9.0] AndroidManifest.xml:139:13-141:29
201                <action android:name="androidx.work.diagnostics.REQUEST_DIAGNOSTICS" />
201-->[androidx.work:work-runtime:2.9.0] AndroidManifest.xml:140:17-88
201-->[androidx.work:work-runtime:2.9.0] AndroidManifest.xml:140:25-85
202            </intent-filter>
203        </receiver>
204
205        <service
205-->[androidx.room:room-runtime:2.6.1] AndroidManifest.xml:24:9-28:63
206            android:name="androidx.room.MultiInstanceInvalidationService"
206-->[androidx.room:room-runtime:2.6.1] AndroidManifest.xml:25:13-74
207            android:directBootAware="true"
207-->[androidx.room:room-runtime:2.6.1] AndroidManifest.xml:26:13-43
208            android:exported="false" />
208-->[androidx.room:room-runtime:2.6.1] AndroidManifest.xml:27:13-37
209
210        <receiver
210-->[androidx.profileinstaller:profileinstaller:1.3.0] AndroidManifest.xml:34:9-52:20
211            android:name="androidx.profileinstaller.ProfileInstallReceiver"
211-->[androidx.profileinstaller:profileinstaller:1.3.0] AndroidManifest.xml:35:13-76
212            android:directBootAware="false"
212-->[androidx.profileinstaller:profileinstaller:1.3.0] AndroidManifest.xml:36:13-44
213            android:enabled="true"
213-->[androidx.profileinstaller:profileinstaller:1.3.0] AndroidManifest.xml:37:13-35
214            android:exported="true"
214-->[androidx.profileinstaller:profileinstaller:1.3.0] AndroidManifest.xml:38:13-36
215            android:permission="android.permission.DUMP" >
215-->[androidx.profileinstaller:profileinstaller:1.3.0] AndroidManifest.xml:39:13-57
216            <intent-filter>
216-->[androidx.profileinstaller:profileinstaller:1.3.0] AndroidManifest.xml:40:13-42:29
217                <action android:name="androidx.profileinstaller.action.INSTALL_PROFILE" />
217-->[androidx.profileinstaller:profileinstaller:1.3.0] AndroidManifest.xml:41:17-91
217-->[androidx.profileinstaller:profileinstaller:1.3.0] AndroidManifest.xml:41:25-88
218            </intent-filter>
219            <intent-filter>
219-->[androidx.profileinstaller:profileinstaller:1.3.0] AndroidManifest.xml:43:13-45:29
220                <action android:name="androidx.profileinstaller.action.SKIP_FILE" />
220-->[androidx.profileinstaller:profileinstaller:1.3.0] AndroidManifest.xml:44:17-85
220-->[androidx.profileinstaller:profileinstaller:1.3.0] AndroidManifest.xml:44:25-82
221            </intent-filter>
222            <intent-filter>
222-->[androidx.profileinstaller:profileinstaller:1.3.0] AndroidManifest.xml:46:13-48:29
223                <action android:name="androidx.profileinstaller.action.SAVE_PROFILE" />
223-->[androidx.profileinstaller:profileinstaller:1.3.0] AndroidManifest.xml:47:17-88
223-->[androidx.profileinstaller:profileinstaller:1.3.0] AndroidManifest.xml:47:25-85
224            </intent-filter>
225            <intent-filter>
225-->[androidx.profileinstaller:profileinstaller:1.3.0] AndroidManifest.xml:49:13-51:29
226                <action android:name="androidx.profileinstaller.action.BENCHMARK_OPERATION" />
226-->[androidx.profileinstaller:profileinstaller:1.3.0] AndroidManifest.xml:50:17-95
226-->[androidx.profileinstaller:profileinstaller:1.3.0] AndroidManifest.xml:50:25-92
227            </intent-filter>
228        </receiver>
229    </application>
230
231</manifest>